<?xml version="1.0" encoding="UTF-8"?>
<!-- Generated by org.testng.reporters.JUnitReportReporter -->
<testsuite hostname="INBGQT-LT-0429" name="com.amazon.testcases.Login" tests="1" failures="0" timestamp="13 Nov 2018 04:21:13 GMT" time="7.617" errors="0">
  <testcase name="AmazonLogin" time="7.617" classname="com.amazon.testcases.Login"/>
</testsuite> <!-- com.amazon.testcases.Login -->
