<?xml version="1.0" encoding="UTF-8"?>
<!-- Generated by org.testng.reporters.JUnitReportReporter -->
<testsuite hostname="INBGQT-LT-0429" name="com.amazon.testcases.OrderSearch" tests="1" failures="0" timestamp="13 Nov 2018 12:01:36 GMT" time="21.491" errors="0">
  <testcase name="searchorder" time="21.491" classname="com.amazon.testcases.OrderSearch"/>
</testsuite> <!-- com.amazon.testcases.OrderSearch -->
